This is pdfTeX, Version 3.14159265-2.6-1.40.18 (MiKTeX 2.9.6300 64-bit) (preloaded format=pdftex 2018.2.5)  8 FEB 2018 13:39
entering extended mode
**C:/Users/Ryan/Documents/summer_VRES/vres_bibliography.bib
(C:/Users/Ryan/Documents/summer_VRES/vres_bibliography.bib
Overfull \hbox (9.10718pt too wide) in paragraph at lines 29--37
\tenrm tle=Approximate Bayesian Com-pu-ta-tion in Pop-u-la-tion Ge-net-ics, jou
r-nal=Genetics, vol-ume=162, pages=2025--|

\hbox(6.94444+1.94444)x469.75499, glue set - 1.0
.\tenrm t
.\tenrm l
.\tenrm e
.\tenrm =
.\tenrm A
.etc.

)
*
! Emergency stop.
<*> ...Documents/summer_VRES/vres_bibliography.bib
                                                  
End of file on the terminal!

!  ==> Fatal error occurred, no output PDF file produced!
